<?xml version="1.0" encoding="UTF-8"?>
<!-- Generated by org.testng.reporters.JUnitXMLReporter -->
<testsuite hostname="SOM" ignored="0" name="Validate Home Page  Test" tests="2" failures="0" timestamp="2020-11-27T00:07:20 IST" time="41.278" errors="0">
  <testcase name="validateLoginError" time="17.537" classname="SeleniumAutomation.ValidateLoginErrorTest"/>
  <testcase name="basePageNavigation" time="30.745" classname="SeleniumAutomation.HomePageNavigationTest"/>
</testsuite> <!-- Validate Home Page  Test -->
