<?xml version="1.0" encoding="UTF-8"?>
<testsuite xmlns:xsi="http://www.w3.org/2001/XMLSchema-instance" xsi:noNamespaceSchemaLocation="https://maven.apache.org/surefire/maven-surefire-plugin/xsd/surefire-test-report-3.0.xsd" version="3.0" name="TestSuite" time="56.794" tests="4" errors="0" skipped="0" failures="0">
  <properties>
[...]
</properties>
  <testcase name="validateDisplayText" classname="SeleniumAutomation.ValidateDisplayTextTest" time="0.133">
    <system-out><![CDATA[[TestNG] [WARN] Ignoring duplicate listener : SeleniumAutomation.Listeners
2
]]></system-out>
    <system-err><![CDATA[Starting ChromeDriver 86.0.4240.22 (398b0743353ff36fb1b82468f63a3a93b4e2e89e-refs/branch-heads/4240@{#378}) on port 45292
Only local connections are allowed.
Please see https://chromedriver.chromium.org/security-considerations for suggestions on keeping ChromeDriver safe.
Starting ChromeDriver 86.0.4240.22 (398b0743353ff36fb1b82468f63a3a93b4e2e89e-refs/branch-heads/4240@{#378}) on port 27367
Only local connections are allowed.
Please see https://chromedriver.chromium.org/security-considerations for suggestions on keeping ChromeDriver safe.
ChrChormeoDmreDivreirv ewr aws staarste ds tsuccaertseds fsuulclcy.essf
ully.
Starting ChromeDriver 86.0.4240.22 (398b0743353ff36fb1b82468f63a3a93b4e2e89e-refs/branch-heads/4240@{#378}) on port 35347
Only local connections are allowed.
Please see https://chromedriver.chromium.org/security-considerations for suggestions on keeping ChromeDriver safe.
ChromeDriver was started successfully.
[1606415802.233][WARNING]: This version of ChromeDriver has not been tested with Chrome version 87.
[1606415802.603][WARNING]: This version of ChromeDriver has not been tested with Chrome version 87.
[1606415803.131][WARNING]: This version of ChromeDriver has not been tested with Chrome version 87.
Nov 27, 2020 12:06:45 AM org.openqa.selenium.remote.ProtocolHandshake createSession
INFO: Detected dialect: W3C
Nov 27, 2020 12:06:45 AM org.openqa.selenium.remote.ProtocolHandshake createSession
INFO: Detected dialect: W3C
Nov 27, 2020 12:06:46 AM org.openqa.selenium.remote.ProtocolHandshake createSession
INFO: Detected dialect: W3C
]]></system-err>
  </testcase>
  <testcase name="validateLoginError" classname="SeleniumAutomation.ValidateLoginErrorTest" time="9.915">
    <system-out><![CDATA[OTP is wrong/expired. Please enter correct OTP.
]]></system-out>
    <system-err><![CDATA[Nov 27, 2020 12:07:08 AM org.openqa.selenium.os.OsProcess destroy
SEVERE: Unable to kill process java.lang.ProcessImpl@d50919e
]]></system-err>
  </testcase>
  <testcase name="basePageNavigation" classname="SeleniumAutomation.HomePageNavigationTest" time="14.79"/>
  <testcase name="feature[Validate Display Text](1)" classname="cucumberOptions.TestRunner" time="13.687">
    <system-err><![CDATA[Starting ChromeDriver 86.0.4240.22 (398b0743353ff36fb1b82468f63a3a93b4e2e89e-refs/branch-heads/4240@{#378}) on port 39373
Only local connections are allowed.
Please see https://chromedriver.chromium.org/security-considerations for suggestions on keeping ChromeDriver safe.
ChromeDriver was started successfully.
[1606415842.703][WARNING]: This version of ChromeDriver has not been tested with Chrome version 87.
Nov 27, 2020 12:07:24 AM org.openqa.selenium.remote.ProtocolHandshake createSession
INFO: Detected dialect: W3C
]]></system-err>
  </testcase>
</testsuite>