<?xml version="1.0" encoding="UTF-8"?>
<testng-results skipped="0" failed="0" total="1" passed="1">
  <reporter-output>
  </reporter-output>
  <suite name="Suite" duration-ms="15734" started-at="2020-11-26T18:32:05Z" finished-at="2020-11-26T18:32:20Z">
    <groups>
      <group name="cucumber">
        <method signature="AbstractTestNGCucumberTests.feature(cucumber.api.testng.CucumberFeatureWrapper)[pri:0, instance:cucumberOptions.TestRunner@3043fe0e]" name="feature" class="cucumber.api.testng.AbstractTestNGCucumberTests"/>
      </group> <!-- cucumber -->
    </groups>
    <test name="Validate Display Text Test" duration-ms="15734" started-at="2020-11-26T18:32:05Z" finished-at="2020-11-26T18:32:20Z">
      <class name="cucumberOptions.TestRunner">
        <test-method status="PASS" signature="setUpClass()[pri:0, instance:cucumberOptions.TestRunner@3043fe0e]" name="setUpClass" is-config="true" duration-ms="322" started-at="2020-11-27T00:02:05Z" finished-at="2020-11-27T00:02:05Z">
          <reporter-output>
          </reporter-output>
        </test-method> <!-- setUpClass -->
        <test-method status="PASS" signature="feature(cucumber.api.testng.CucumberFeatureWrapper)[pri:0, instance:cucumberOptions.TestRunner@3043fe0e]" name="feature" duration-ms="15217" started-at="2020-11-27T00:02:05Z" description="Runs Cucumber Feature" data-provider="features" finished-at="2020-11-27T00:02:20Z">
          <params>
            <param index="0">
              <value>
                <![CDATA[Validate Display Text]]>
              </value>
            </param>
          </params>
          <reporter-output>
          </reporter-output>
        </test-method> <!-- feature -->
        <test-method status="PASS" signature="tearDownClass()[pri:0, instance:cucumberOptions.TestRunner@3043fe0e]" name="tearDownClass" is-config="true" duration-ms="3" started-at="2020-11-27T00:02:20Z" finished-at="2020-11-27T00:02:20Z">
          <reporter-output>
          </reporter-output>
        </test-method> <!-- tearDownClass -->
      </class> <!-- cucumberOptions.TestRunner -->
    </test> <!-- Validate Display Text Test -->
  </suite> <!-- Suite -->
</testng-results>
